<?xml version="1.0" encoding="UTF-8"?>
<!-- Generated by org.testng.reporters.JUnitReportReporter -->
<testsuite hostname="YAGAR-LENOVO" failures="0" tests="3" name="com.qa.ispeakBetter.test.LoginParallelTest" time="38.256" errors="0" timestamp="2021-03-20T12:09:46 EDT" skipped="0">
  <testcase classname="com.qa.ispeakBetter.test.LoginParallelTest" name="createContactsTest" time="11.313"/>
  <system-out/>
  <testcase classname="com.qa.ispeakBetter.test.LoginParallelTest" name="createContactsTest" time="14.626"/>
  <system-out/>
  <testcase classname="com.qa.ispeakBetter.test.LoginParallelTest" name="createContactsTest" time="12.317"/>
  <system-out/>
</testsuite> <!-- com.qa.ispeakBetter.test.LoginParallelTest -->
