<?xml version="1.0" encoding="UTF-8"?>
<!-- Generated by org.testng.reporters.JUnitReportReporter -->
<testsuite hostname="YAGAR-LENOVO" failures="0" tests="3" name="com.qa.ispeakBetter.test.LoginPageTest" time="41.382" errors="0" timestamp="2021-03-12T21:51:14 EST" skipped="0">
  <testcase classname="com.qa.ispeakBetter.test.LoginPageTest" name="verifyTitle" time="11.713"/>
  <system-out/>
  <testcase classname="com.qa.ispeakBetter.test.LoginPageTest" name="filexiblePackage" time="14.035"/>
  <system-out/>
  <testcase classname="com.qa.ispeakBetter.test.LoginPageTest" name="loginTest" time="15.634"/>
  <system-out/>
</testsuite> <!-- com.qa.ispeakBetter.test.LoginPageTest -->
